2025-11-27 13:46:55.909491 - file 'face1.jpg' processed in Tab 1 (classification/faces)
2025-11-27 13:47:07.802157 - file 'face1.jpg' processed in Tab 1 (classification/faces)
2025-11-27 13:47:41.299451 - file 'face3.jpg' processed in Tab 1 (classification/faces)
2025-11-27 13:48:03.006164 - file 'face3.jpg' processed in Tab 1 (classification/faces)
2025-11-27 14:00:35.496360 - file 'face1.jpg' processed in Tab 1 (classification/faces)
2025-11-27 14:01:09.915070 - file 'face1.jpg' processed in Tab 1 (classification/faces)
2025-11-27 14:05:16.697668 - file 'face1.jpg' processed in Tab 1 (classification/faces)
2025-11-27 14:05:34.193618 - file 'face1.jpg' processed in Tab 1 (classification/faces)
2025-11-27 14:11:26.105862 - file 'face5.jpg' processed in Tab 1 (classification/faces)
2025-11-27 14:11:40.511277 - file 'face5.jpg' processed in Tab 1 (classification/faces)
2025-11-27 14:12:21.901182 - file 'face5.jpg' processed in Tab 1 (classification/faces)
2025-11-27 14:12:24.801631 - file 'face5.jpg' processed in Tab 1 (classification/faces)
2025-11-27 14:18:55.498038 - file 'captura.png' processed in Tab 1 (classification/faces)
2025-11-27 14:25:12.389522 - file 'face5.jpg' processed in Tab 1 (classification/faces)
2025-11-27 14:25:28.793687 - file 'face5.jpg' processed in Tab 1 (classification/faces)
2025-11-27 14:25:30.105139 - file 'face9.jpg' processed in Tab 2 (segmentation)
2025-11-27 14:25:48.308096 - file 'face5.jpg' processed in Tab 1 (classification/faces)
2025-11-27 14:25:49.406865 - file 'face9.jpg' processed in Tab 2 (segmentation)
2025-11-27 14:25:49.653303 - file 'Captura de pantalla 2025-11-27 170451.png' processed in Tab 3 (OCR)
2025-11-27 14:45:55.296670 - file 'face5.jpg' processed in Tab 1 (classification/faces)
2025-11-27 14:45:56.301544 - file 'face9.jpg' processed in Tab 2 (segmentation)
2025-11-27 14:46:02.404061 - file 'face5.jpg' processed in Tab 1 (classification/faces)
2025-11-27 14:46:03.500088 - file 'face9.jpg' processed in Tab 2 (segmentation)
2025-11-27 14:46:03.713273 - file 'Captura de pantalla 2025-11-27 170451.png' processed in Tab 3 (OCR)
2025-11-27 14:46:09.313860 - file 'face5.jpg' processed in Tab 1 (classification/faces)
2025-11-27 14:46:10.492377 - file 'face9.jpg' processed in Tab 2 (segmentation)
2025-11-27 14:46:13.206785 - file 'face5.jpg' processed in Tab 1 (classification/faces)
2025-11-27 14:46:14.304453 - file 'face9.jpg' processed in Tab 2 (segmentation)
2025-11-27 14:46:15.899017 - file 'Captura de pantalla 2025-10-03 222331.png' processed in Tab 3 (OCR)
2025-11-27 14:46:26.794103 - file 'face5.jpg' processed in Tab 1 (classification/faces)
2025-11-27 14:46:27.792974 - file 'face9.jpg' processed in Tab 2 (segmentation)
2025-11-27 14:46:57.789884 - file 'face5.jpg' processed in Tab 1 (classification/faces)
2025-11-27 14:46:58.809198 - file 'face9.jpg' processed in Tab 2 (segmentation)
2025-11-27 14:46:59.102025 - file 'Снимок экрана 2025-09-29 094956.png' processed in Tab 3 (OCR)
2025-11-27 14:47:14.910508 - file 'face5.jpg' processed in Tab 1 (classification/faces)
2025-11-27 14:47:16.010709 - file 'face9.jpg' processed in Tab 2 (segmentation)
2025-11-27 14:47:19.004646 - file 'face5.jpg' processed in Tab 1 (classification/faces)
2025-11-27 14:47:20.101567 - file 'face9.jpg' processed in Tab 2 (segmentation)
2025-11-27 14:47:20.506898 - file 'Captura de pantalla 2025-10-08 211322.png' processed in Tab 3 (OCR)
2025-11-27 14:47:26.992764 - file 'face5.jpg' processed in Tab 1 (classification/faces)
2025-11-27 14:47:28.005923 - file 'face9.jpg' processed in Tab 2 (segmentation)
2025-11-27 14:47:31.010433 - file 'face5.jpg' processed in Tab 1 (classification/faces)
2025-11-27 14:47:32.099665 - file 'face9.jpg' processed in Tab 2 (segmentation)
2025-11-27 14:47:32.905558 - file 'Captura de pantalla 2025-10-16 211501.png' processed in Tab 3 (OCR)
2025-11-27 14:47:38.690666 - file 'face5.jpg' processed in Tab 1 (classification/faces)
2025-11-27 14:47:39.794172 - file 'face9.jpg' processed in Tab 2 (segmentation)
2025-11-27 14:48:42.591553 - file 'face5.jpg' processed in Tab 1 (classification/faces)
2025-11-27 14:48:43.605949 - file 'face9.jpg' processed in Tab 2 (segmentation)
2025-11-27 14:48:43.956123 - file 'ccb927b106a4c49013918baf5c332b0b.jpg' processed in Tab 3 (OCR)
2025-11-27 14:49:02.606020 - file 'face5.jpg' processed in Tab 1 (classification/faces)
2025-11-27 14:49:03.816229 - file 'face9.jpg' processed in Tab 2 (segmentation)
